This is pdfTeX, Version 3.141592653-2.6-1.40.25 (TeX Live 2023) (preloaded format=pdflatex 2023.8.8)  20 AUG 2023 14:52
entering extended mode
 restricted \write18 enabled.
 file:line:error style messages enabled.
 %&-line parsing enabled.
**"c:/Users/leungp/Documents/GitHub/phd_thesis/auto_convert/Chapter 1 to 3/Victors_Thesis_Chapters_1_to_3_For_Export.tex"
(c:/Users/leungp/Documents/GitHub/phd_thesis/auto_convert/Chapter 1 to 3/Victors_Thesis_Chapters_1_to_3_For_Export.tex
LaTeX2e <2023-06-01> patch level 1
L3 programming layer <2023-08-03>
(c:/texlive/2023/texmf-dist/tex/latex/base/book.cls
Document Class: book 2023/05/17 v1.4n Standard LaTeX document class
(c:/texlive/2023/texmf-dist/tex/latex/base/bk11.clo
File: bk11.clo 2023/05/17 v1.4n Standard LaTeX file (size option)
)
\c@part=\count185
\c@chapter=\count186
\c@section=\count187
\c@subsection=\count188
\c@subsubsection=\count189
\c@paragraph=\count190
\c@subparagraph=\count191
\c@figure=\count192
\c@table=\count193
\abovecaptionskip=\skip48
\belowcaptionskip=\skip49
\bibindent=\dimen140
) (c:/texlive/2023/texmf-dist/tex/latex/caption/caption.sty
Package: caption 2023/07/31 v3.6n Customizing captions (AR)
 (c:/texlive/2023/texmf-dist/tex/latex/caption/caption3.sty
Package: caption3 2023/07/31 v2.4d caption3 kernel (AR)
 (c:/texlive/2023/texmf-dist/tex/latex/graphics/keyval.sty
Package: keyval 2022/05/29 v1.15 key=value parser (DPC)
\KV@toks@=\toks17
)
\caption@tempdima=\dimen141
\captionmargin=\dimen142
\caption@leftmargin=\dimen143
\caption@rightmargin=\dimen144
\caption@width=\dimen145
\caption@indent=\dimen146
\caption@parindent=\dimen147
\caption@hangindent=\dimen148
Package caption Info: Standard document class detected.
)
\c@caption@flags=\count194
\c@continuedfloat=\count195
) (c:/texlive/2023/texmf-dist/tex/latex/fancyhdr/fancyhdr.sty
Package: fancyhdr 2022/11/09 v4.1 Extensive control of page headers and footers
\f@nch@headwidth=\skip50
\f@nch@O@elh=\skip51
\f@nch@O@erh=\skip52
\f@nch@O@olh=\skip53
\f@nch@O@orh=\skip54
\f@nch@O@elf=\skip55
\f@nch@O@erf=\skip56
\f@nch@O@olf=\skip57
\f@nch@O@orf=\skip58
) (c:/texlive/2023/texmf-dist/tex/latex/float/float.sty
Package: float 2001/11/08 v1.3d Float enhancements (AL)
\c@float@type=\count196
\float@exts=\toks18
\float@box=\box51
\@float@everytoks=\toks19
\@floatcapt=\box52
) (c:/texlive/2023/texmf-dist/tex/latex/base/fontenc.sty
Package: fontenc 2021/04/29 v2.0v Standard LaTeX package
) (c:/texlive/2023/texmf-dist/tex/latex/graphics/graphicx.sty
Package: graphicx 2021/09/16 v1.2d Enhanced LaTeX Graphics (DPC,SPQR)
 (c:/texlive/2023/texmf-dist/tex/latex/graphics/graphics.sty
Package: graphics 2022/03/10 v1.4e Standard LaTeX Graphics (DPC,SPQR)
 (c:/texlive/2023/texmf-dist/tex/latex/graphics/trig.sty
Package: trig 2021/08/11 v1.11 sin cos tan (DPC)
) (c:/texlive/2023/texmf-dist/tex/latex/graphics-cfg/graphics.cfg
File: graphics.cfg 2016/06/04 v1.11 sample graphics configuration
)
Package graphics Info: Driver file: pdftex.def on input line 107.
 (c:/texlive/2023/texmf-dist/tex/latex/graphics-def/pdftex.def
File: pdftex.def 2022/09/22 v1.2b Graphics/color driver for pdftex
))
\Gin@req@height=\dimen149
\Gin@req@width=\dimen150
) (c:/texlive/2023/texmf-dist/tex/latex/base/inputenc.sty
Package: inputenc 2021/02/14 v1.3d Input encoding file
\inpenc@prehook=\toks20
\inpenc@posthook=\toks21
) (c:/texlive/2023/texmf-dist/tex/latex/caption/subcaption.sty
Package: subcaption 2023/07/28 v1.6b Sub-captions (AR)
Package caption Info: New subtype `subfigure' on input line 238.
\c@subfigure=\count197
Package caption Info: New subtype `subtable' on input line 238.
\c@subtable=\count198
) (c:/texlive/2023/texmf-dist/tex/generic/ulem/ulem.sty
\UL@box=\box53
\UL@hyphenbox=\box54
\UL@skip=\skip59
\UL@hook=\toks22
\UL@height=\dimen151
\UL@pe=\count199
\UL@pixel=\dimen152
\ULC@box=\box55
Package: ulem 2019/11/18
\ULdepth=\dimen153
) (c:/texlive/2023/texmf-dist/tex/latex/geometry/geometry.sty
Package: geometry 2020/01/02 v5.9 Page Geometry
 (c:/texlive/2023/texmf-dist/tex/generic/iftex/ifvtex.sty
Package: ifvtex 2019/10/25 v1.7 ifvtex legacy package. Use iftex instead.
 (c:/texlive/2023/texmf-dist/tex/generic/iftex/iftex.sty
Package: iftex 2022/02/03 v1.0f TeX engine tests
))
\Gm@cnth=\count266
\Gm@cntv=\count267
\c@Gm@tempcnt=\count268
\Gm@bindingoffset=\dimen154
\Gm@wd@mp=\dimen155
\Gm@odd@mp=\dimen156
\Gm@even@mp=\dimen157
\Gm@layoutwidth=\dimen158
\Gm@layoutheight=\dimen159
\Gm@layouthoffset=\dimen160
\Gm@layoutvoffset=\dimen161
\Gm@dimlist=\toks23
) (c:/texlive/2023/texmf-dist/tex/latex/hyperref/hyperref.sty
Package: hyperref 2023-07-08 v7.01b Hypertext links for LaTeX
 (c:/texlive/2023/texmf-dist/tex/generic/ltxcmds/ltxcmds.sty
Package: ltxcmds 2020-05-10 v1.25 LaTeX kernel commands for general use (HO)
) (c:/texlive/2023/texmf-dist/tex/generic/pdftexcmds/pdftexcmds.sty
Package: pdftexcmds 2020-06-27 v0.33 Utility functions of pdfTeX for LuaTeX (HO)
 (c:/texlive/2023/texmf-dist/tex/generic/infwarerr/infwarerr.sty
Package: infwarerr 2019/12/03 v1.5 Providing info/warning/error messages (HO)
)
Package pdftexcmds Info: \pdf@primitive is available.
Package pdftexcmds Info: \pdf@ifprimitive is available.
Package pdftexcmds Info: \pdfdraftmode found.
) (c:/texlive/2023/texmf-dist/tex/latex/kvsetkeys/kvsetkeys.sty
Package: kvsetkeys 2022-10-05 v1.19 Key value parser (HO)
) (c:/texlive/2023/texmf-dist/tex/generic/kvdefinekeys/kvdefinekeys.sty
Package: kvdefinekeys 2019-12-19 v1.6 Define keys (HO)
) (c:/texlive/2023/texmf-dist/tex/generic/pdfescape/pdfescape.sty
Package: pdfescape 2019/12/09 v1.15 Implements pdfTeX's escape features (HO)
) (c:/texlive/2023/texmf-dist/tex/latex/hycolor/hycolor.sty
Package: hycolor 2020-01-27 v1.10 Color options for hyperref/bookmark (HO)
) (c:/texlive/2023/texmf-dist/tex/latex/letltxmacro/letltxmacro.sty
Package: letltxmacro 2019/12/03 v1.6 Let assignment for LaTeX macros (HO)
) (c:/texlive/2023/texmf-dist/tex/latex/auxhook/auxhook.sty
Package: auxhook 2019-12-17 v1.6 Hooks for auxiliary files (HO)
) (c:/texlive/2023/texmf-dist/tex/latex/hyperref/nameref.sty
Package: nameref 2023-08-07 v2.53 Cross-referencing by name of section
 (c:/texlive/2023/texmf-dist/tex/latex/refcount/refcount.sty
Package: refcount 2019/12/15 v3.6 Data extraction from label references (HO)
) (c:/texlive/2023/texmf-dist/tex/generic/gettitlestring/gettitlestring.sty
Package: gettitlestring 2019/12/15 v1.6 Cleanup title references (HO)
 (c:/texlive/2023/texmf-dist/tex/latex/kvoptions/kvoptions.sty
Package: kvoptions 2022-06-15 v3.15 Key value format for package options (HO)
))
\c@section@level=\count269
) (c:/texlive/2023/texmf-dist/tex/latex/etoolbox/etoolbox.sty
Package: etoolbox 2020/10/05 v2.5k e-TeX tools for LaTeX (JAW)
\etb@tempcnta=\count270
)
\@linkdim=\dimen162
\Hy@linkcounter=\count271
\Hy@pagecounter=\count272
 (c:/texlive/2023/texmf-dist/tex/latex/hyperref/pd1enc.def
File: pd1enc.def 2023-07-08 v7.01b Hyperref: PDFDocEncoding definition (HO)
Now handling font encoding PD1 ...
... no UTF-8 mapping file for font encoding PD1
) (c:/texlive/2023/texmf-dist/tex/generic/intcalc/intcalc.sty
Package: intcalc 2019/12/15 v1.3 Expandable calculations with integers (HO)
)
\Hy@SavedSpaceFactor=\count273
 (c:/texlive/2023/texmf-dist/tex/latex/hyperref/puenc.def
File: puenc.def 2023-07-08 v7.01b Hyperref: PDF Unicode definition (HO)
Now handling font encoding PU ...
... no UTF-8 mapping file for font encoding PU
)
Package hyperref Info: Hyper figures OFF on input line 4167.
Package hyperref Info: Link nesting OFF on input line 4172.
Package hyperref Info: Hyper index ON on input line 4175.
Package hyperref Info: Plain pages OFF on input line 4182.
Package hyperref Info: Backreferencing OFF on input line 4187.
Package hyperref Info: Implicit mode ON; LaTeX internals redefined.
Package hyperref Info: Bookmarks ON on input line 4434.
\c@Hy@tempcnt=\count274
 (c:/texlive/2023/texmf-dist/tex/latex/url/url.sty
\Urlmuskip=\muskip16
Package: url 2013/09/16  ver 3.4  Verb mode for urls, etc.
)
LaTeX Info: Redefining \url on input line 4772.
\XeTeXLinkMargin=\dimen163
 (c:/texlive/2023/texmf-dist/tex/generic/bitset/bitset.sty
Package: bitset 2019/12/09 v1.3 Handle bit-vector datatype (HO)
 (c:/texlive/2023/texmf-dist/tex/generic/bigintcalc/bigintcalc.sty
Package: bigintcalc 2019/12/15 v1.5 Expandable calculations on big integers (HO)
))
\Fld@menulength=\count275
\Field@Width=\dimen164
\Fld@charsize=\dimen165
Package hyperref Info: Hyper figures OFF on input line 6051.
Package hyperref Info: Link nesting OFF on input line 6056.
Package hyperref Info: Hyper index ON on input line 6059.
Package hyperref Info: backreferencing OFF on input line 6066.
Package hyperref Info: Link coloring OFF on input line 6071.
Package hyperref Info: Link coloring with OCG OFF on input line 6076.
Package hyperref Info: PDF/A mode OFF on input line 6081.
 (c:/texlive/2023/texmf-dist/tex/latex/base/atbegshi-ltx.sty
Package: atbegshi-ltx 2021/01/10 v1.0c Emulation of the original atbegshi
package with kernel methods
)
\Hy@abspage=\count276
\c@Item=\count277
\c@Hfootnote=\count278
)
Package hyperref Info: Driver (autodetected): hpdftex.
 (c:/texlive/2023/texmf-dist/tex/latex/hyperref/hpdftex.def
File: hpdftex.def 2023-07-08 v7.01b Hyperref driver for pdfTeX
 (c:/texlive/2023/texmf-dist/tex/latex/base/atveryend-ltx.sty
Package: atveryend-ltx 2020/08/19 v1.0a Emulation of the original atveryend package
with kernel methods
)
\Fld@listcount=\count279
\c@bookmark@seq@number=\count280
 (c:/texlive/2023/texmf-dist/tex/latex/rerunfilecheck/rerunfilecheck.sty
Package: rerunfilecheck 2022-07-10 v1.10 Rerun checks for auxiliary files (HO)
 (c:/texlive/2023/texmf-dist/tex/generic/uniquecounter/uniquecounter.sty
Package: uniquecounter 2019/12/15 v1.4 Provide unlimited unique counter (HO)
)
Package uniquecounter Info: New unique counter `rerunfilecheck' on input line 285.
)
\Hy@SectionHShift=\skip60
) (c:/texlive/2023/texmf-dist/tex/latex/l3backend/l3backend-pdftex.def
File: l3backend-pdftex.def 2023-04-19 L3 backend support: PDF output (pdfTeX)
\l__color_backend_stack_int=\count281
\l__pdf_internal_box=\box56
) (./Victors_Thesis_Chapters_1_to_3_For_Export.aux)
\openout1 = `Victors_Thesis_Chapters_1_to_3_For_Export.aux'.

LaTeX Font Info:    Checking defaults for OML/cmm/m/it on input line 27.
LaTeX Font Info:    ... okay on input line 27.
LaTeX Font Info:    Checking defaults for OMS/cmsy/m/n on input line 27.
LaTeX Font Info:    ... okay on input line 27.
LaTeX Font Info:    Checking defaults for OT1/cmr/m/n on input line 27.
LaTeX Font Info:    ... okay on input line 27.
LaTeX Font Info:    Checking defaults for T1/cmr/m/n on input line 27.
LaTeX Font Info:    ... okay on input line 27.
LaTeX Font Info:    Checking defaults for TS1/cmr/m/n on input line 27.
LaTeX Font Info:    ... okay on input line 27.
LaTeX Font Info:    Checking defaults for OMX/cmex/m/n on input line 27.
LaTeX Font Info:    ... okay on input line 27.
LaTeX Font Info:    Checking defaults for U/cmr/m/n on input line 27.
LaTeX Font Info:    ... okay on input line 27.
LaTeX Font Info:    Checking defaults for PD1/pdf/m/n on input line 27.
LaTeX Font Info:    ... okay on input line 27.
LaTeX Font Info:    Checking defaults for PU/pdf/m/n on input line 27.
LaTeX Font Info:    ... okay on input line 27.
Package caption Info: Begin \AtBeginDocument code.
Package caption Info: float package is loaded.
Package caption Info: hyperref package is loaded.
Package caption Info: End \AtBeginDocument code.
 (c:/texlive/2023/texmf-dist/tex/context/base/mkii/supp-pdf.mkii
[Loading MPS to PDF converter (version 2006.09.02).]
\scratchcounter=\count282
\scratchdimen=\dimen166
\scratchbox=\box57
\nofMPsegments=\count283
\nofMParguments=\count284
\everyMPshowfont=\toks24
\MPscratchCnt=\count285
\MPscratchDim=\dimen167
\MPnumerator=\count286
\makeMPintoPDFobject=\count287
\everyMPtoPDFconversion=\toks25
) (c:/texlive/2023/texmf-dist/tex/latex/epstopdf-pkg/epstopdf-base.sty
Package: epstopdf-base 2020-01-24 v2.11 Base part for package epstopdf
Package epstopdf-base Info: Redefining graphics rule for `.eps' on input line 485.
 (c:/texlive/2023/texmf-dist/tex/latex/latexconfig/epstopdf-sys.cfg
File: epstopdf-sys.cfg 2010/07/13 v1.3 Configuration of (r)epstopdf for TeX Live
))
*geometry* driver: auto-detecting
*geometry* detected driver: pdftex
*geometry* verbose mode - [ preamble ] result:
* driver: pdftex
* paper: custom
* layout: <same size as paper>
* layoutoffset:(h,v)=(0.0pt,0.0pt)
* modes: twoside 
* h-part:(L,W,R)=(72.2698pt, 453.25262pt, 72.2698pt)
* v-part:(T,H,B)=(72.2698pt, 700.22278pt, 72.2698pt)
* \paperwidth=597.79224pt
* \paperheight=844.76239pt
* \textwidth=453.25262pt
* \textheight=700.22278pt
* \oddsidemargin=-0.00018pt
* \evensidemargin=-0.00018pt
* \topmargin=-31.87398pt
* \headheight=12.0pt
* \headsep=19.8738pt
* \topskip=11.0pt
* \footskip=27.46295pt
* \marginparwidth=116.0pt
* \marginparsep=7.0pt
* \columnsep=10.0pt
* \skip\footins=10.0pt plus 4.0pt minus 2.0pt
* \hoffset=0.0pt
* \voffset=0.0pt
* \mag=1000
* \@twocolumnfalse
* \@twosidetrue
* \@mparswitchtrue
* \@reversemarginfalse
* (1in=72.27pt=25.4mm, 1cm=28.453pt)

Package hyperref Info: Link coloring OFF on input line 27.
(./Victors_Thesis_Chapters_1_to_3_For_Export.out) (./Victors_Thesis_Chapters_1_to_3_For_Export.out)
\@outlinefile=\write3
\openout3 = `Victors_Thesis_Chapters_1_to_3_For_Export.out'.

LaTeX Font Info:    External font `cmex10' loaded for size
(Font)              <12> on input line 29.
LaTeX Font Info:    External font `cmex10' loaded for size
(Font)              <8> on input line 29.
LaTeX Font Info:    External font `cmex10' loaded for size
(Font)              <6> on input line 29.


LaTeX Warning: No \author given.

[1


{c:/texlive/2023/texmf-var/fonts/map/pdftex/updmap/pdftex.map}{c:/texlive/2023/texmf-dist/fonts/enc/dvips/cm-super/cm-super-t1.enc}] [2

]
Chapter 1.
[3] [4

]
Chapter 2.
[5] [6

]
Chapter 3.
[7] [8

] (./Victors_Thesis_Chapters_1_to_3_For_Export.toc
LaTeX Font Info:    External font `cmex10' loaded for size
(Font)              <10.95> on input line 5.
 [9])
\tf@toc=\write4
\openout4 = `Victors_Thesis_Chapters_1_to_3_For_Export.toc'.

 [10]
Chapter 4.
[11

]
<./images/image5.jpg, id=292, 451.6875pt x 270.00874pt>
File: ./images/image5.jpg Graphic file (type jpg)
<use ./images/image5.jpg>
Package pdftex.def Info: ./images/image5.jpg  used on input line 86.
(pdftex.def)             Requested size: 338.88884pt x 202.58844pt.
 [12]
<./images/image9.jpg, id=304, 730.73pt x 483.8075pt>
File: ./images/image9.jpg Graphic file (type jpg)
<use ./images/image9.jpg>
Package pdftex.def Info: ./images/image9.jpg  used on input line 96.
(pdftex.def)             Requested size: 452.96986pt x 300.1864pt.

Overfull \hbox (35.24252pt too wide) in paragraph at lines 96--96
[][]\T1/cmr/m/n/9 (Credits:
 []


Underfull \vbox (badness 10000) has occurred while \output is active []

 [13 <./images/image5.jpg>]
LaTeX Font Info:    External font `cmex10' loaded for size
(Font)              <9> on input line 106.
LaTeX Font Info:    External font `cmex10' loaded for size
(Font)              <5> on input line 106.
 [14 <./images/image9.jpg>] [15{c:/texlive/2023/texmf-dist/fonts/enc/dvips/cm-super/cm-super-ts1.enc}]
Overfull \hbox (6.00383pt too wide) in paragraph at lines 134--135
\T1/cmr/m/n/10.95 lenges of each task are anal-ysed and pre-sented in the next chap-ter \T1/cmr/m/it/10.95 (see $[]$\T1/cmr/m/n/10.95 . 
 []

[16] [17] [18] [19] [20] [21] [22]

Package hyperref Warning: Suppressing empty link on input line 247.

[23] [24]
Chapter 5.
<./images/image17.jpg, id=419, 1003.75pt x 1003.75pt>
File: ./images/image17.jpg Graphic file (type jpg)
<use ./images/image17.jpg>
Package pdftex.def Info: ./images/image17.jpg  used on input line 291.
(pdftex.def)             Requested size: 135.97716pt x 135.97519pt.
<./images/image7.jpg, id=420, 1003.75pt x 1003.75pt>
File: ./images/image7.jpg Graphic file (type jpg)
<use ./images/image7.jpg>
Package pdftex.def Info: ./images/image7.jpg  used on input line 296.
(pdftex.def)             Requested size: 135.97716pt x 135.97519pt.
<./images/image6.jpg, id=421, 1003.75pt x 1003.75pt>
File: ./images/image6.jpg Graphic file (type jpg)
<use ./images/image6.jpg>
Package pdftex.def Info: ./images/image6.jpg  used on input line 301.
(pdftex.def)             Requested size: 135.97716pt x 135.97519pt.
[25

]

Package hyperref Warning: Suppressing empty link on input line 307.

[26 <./images/image17.jpg> <./images/image7.jpg> <./images/image6.jpg>] [27]
Underfull \vbox (badness 10000) has occurred while \output is active []

 [28] [29]

Package hyperref Warning: Suppressing empty link on input line 410.


Package hyperref Warning: Suppressing empty link on input line 410.


Package hyperref Warning: Suppressing empty link on input line 410.

[30] [31]
<./images/image3.jpg, id=509, 1129.21875pt x 1129.21875pt>
File: ./images/image3.jpg Graphic file (type jpg)
<use ./images/image3.jpg>
Package pdftex.def Info: ./images/image3.jpg  used on input line 478.
(pdftex.def)             Requested size: 81.58214pt x 81.56903pt.
<./images/image16.jpg, id=510, 1129.21875pt x 1129.21875pt>
File: ./images/image16.jpg Graphic file (type jpg)
<use ./images/image16.jpg>
Package pdftex.def Info: ./images/image16.jpg  used on input line 483.
(pdftex.def)             Requested size: 81.58214pt x 81.56903pt.
<./images/image14.jpg, id=511, 1129.21875pt x 1129.21875pt>
File: ./images/image14.jpg Graphic file (type jpg)
<use ./images/image14.jpg>
Package pdftex.def Info: ./images/image14.jpg  used on input line 488.
(pdftex.def)             Requested size: 81.58214pt x 81.56903pt.
<./images/image1.jpg, id=512, 1129.21875pt x 1129.21875pt>
File: ./images/image1.jpg Graphic file (type jpg)
<use ./images/image1.jpg>
Package pdftex.def Info: ./images/image1.jpg  used on input line 493.
(pdftex.def)             Requested size: 81.58214pt x 81.56903pt.
<./images/image11.jpg, id=513, 1129.21875pt x 1129.21875pt>
File: ./images/image11.jpg Graphic file (type jpg)
<use ./images/image11.jpg>
Package pdftex.def Info: ./images/image11.jpg  used on input line 498.
(pdftex.def)             Requested size: 81.58214pt x 81.56903pt.
 [32 <./images/image3.jpg> <./images/image16.jpg> <./images/image14.jpg> <./images/image1.jpg> <./images/image11.jpg>]
File: ./images/image14.jpg Graphic file (type jpg)
<use ./images/image14.jpg>
Package pdftex.def Info: ./images/image14.jpg  used on input line 509.
(pdftex.def)             Requested size: 81.58214pt x 81.56903pt.
<./images/image19.jpg, id=522, 1129.21875pt x 1129.21875pt>
File: ./images/image19.jpg Graphic file (type jpg)
<use ./images/image19.jpg>
Package pdftex.def Info: ./images/image19.jpg  used on input line 514.
(pdftex.def)             Requested size: 81.58214pt x 81.56903pt.
<./images/image13.jpg, id=523, 1129.21875pt x 1129.21875pt>
File: ./images/image13.jpg Graphic file (type jpg)
<use ./images/image13.jpg>
Package pdftex.def Info: ./images/image13.jpg  used on input line 519.
(pdftex.def)             Requested size: 81.58214pt x 81.56903pt.
<./images/image18.jpg, id=524, 1129.21875pt x 1129.21875pt>
File: ./images/image18.jpg Graphic file (type jpg)
<use ./images/image18.jpg>
Package pdftex.def Info: ./images/image18.jpg  used on input line 524.
(pdftex.def)             Requested size: 81.58214pt x 81.56903pt.
<./images/image4.jpg, id=525, 1129.21875pt x 1129.21875pt>
File: ./images/image4.jpg Graphic file (type jpg)
<use ./images/image4.jpg>
Package pdftex.def Info: ./images/image4.jpg  used on input line 529.
(pdftex.def)             Requested size: 81.58214pt x 81.56903pt.
<./images/image2.jpg, id=527, 702.625pt x 686.565pt>
File: ./images/image2.jpg Graphic file (type jpg)
<use ./images/image2.jpg>
Package pdftex.def Info: ./images/image2.jpg  used on input line 542.
(pdftex.def)             Requested size: 203.9623pt x 199.29779pt.
<./images/image15.jpg, id=528, 702.625pt x 346.29375pt>
File: ./images/image15.jpg Graphic file (type jpg)
<use ./images/image15.jpg>
Package pdftex.def Info: ./images/image15.jpg  used on input line 547.
(pdftex.def)             Requested size: 203.9623pt x 100.523pt.


Package hyperref Warning: Suppressing empty link on input line 552.

<./images/image21.jpg, id=532, 1505.625pt x 1505.625pt>
File: ./images/image21.jpg Graphic file (type jpg)
<use ./images/image21.jpg>
Package pdftex.def Info: ./images/image21.jpg  used on input line 560.
(pdftex.def)             Requested size: 142.25475pt x 142.25475pt.
<./images/image22.jpg, id=533, 1505.625pt x 1505.625pt>
File: ./images/image22.jpg Graphic file (type jpg)
<use ./images/image22.jpg>
Package pdftex.def Info: ./images/image22.jpg  used on input line 560.
(pdftex.def)             Requested size: 142.25475pt x 142.25475pt.
<./images/image20.jpg, id=534, 1505.625pt x 1505.625pt>
File: ./images/image20.jpg Graphic file (type jpg)
<use ./images/image20.jpg>
Package pdftex.def Info: ./images/image20.jpg  used on input line 560.
(pdftex.def)             Requested size: 142.25475pt x 142.25475pt.

Underfull \vbox (badness 6995) has occurred while \output is active []

 [33 <./images/image19.jpg> <./images/image13.jpg> <./images/image18.jpg> <./images/image4.jpg> <./images/image2.jpg> <./images/image15.jpg>] [34 <./images/image21.jpg> <./images/image22.jpg> <./images/image20.jpg>] [35] [36]
Chapter 6.

Overfull \hbox (150.61229pt too wide) in paragraph at lines 638--639
\T1/cmr/m/n/10.95 dence works have al-ready iden-ti-fied chal-lenges in each subtopic \T1/cmr/m/it/10.95 (see $[]$and
 []


Overfull \hbox (46.06898pt too wide) in paragraph at lines 638--639
\T1/cmr/m/n/10.95 and col-lab-o-rat-ing with a set of robotic clamps \T1/cmr/m/it/10.95 (see $[]$)\T1/cmr/m/n/10.95 . 
 []

<./images/image8.jpg, id=572, 724.95844pt x 680.5425pt>
File: ./images/image8.jpg Graphic file (type jpg)
<use ./images/image8.jpg>
Package pdftex.def Info: ./images/image8.jpg  used on input line 650.
(pdftex.def)             Requested size: 452.97623pt x 425.64954pt.

Underfull \vbox (badness 10000) has occurred while \output is active []

 [37

]
Overfull \hbox (26.7791pt too wide) in paragraph at lines 654--655
\T1/cmr/m/n/10.95 proved un-til it was ready for a full sys-tem-atic test \T1/cmr/m/it/10.95 (fur-ther elab-o-ra-tion in $[]$)\T1/cmr/m/n/10.95 . 
 []

[38 <./images/image8.jpg>]
Overfull \hbox (45.44359pt too wide) in paragraph at lines 669--670
\T1/cmr/m/n/10.95 stra-tor in a fully au-to-matic man-ner. \T1/cmr/m/it/10.95 (link to Chap-ter $[]$ 
 []

[39]
Overfull \hbox (12.46805pt too wide) in paragraph at lines 700--701
[]\T1/cmr/m/n/10.95 User In-ter-face (UI) for in-ter-ac-tive de-sign mod-elling and val-i-da-tion (Python in Rhinoceros
 []

[40] [41]
<./images/image10.jpg, id=608, 988.44281pt x 197.23688pt>
File: ./images/image10.jpg Graphic file (type jpg)
<use ./images/image10.jpg>
Package pdftex.def Info: ./images/image10.jpg  used on input line 769.
(pdftex.def)             Requested size: 452.95474pt x 90.19434pt.
 [42 <./images/image10.jpg>] [43] [44] [45] [46] (./Victors_Thesis_Chapters_1_to_3_For_Export.aux)
 ***********
LaTeX2e <2023-06-01> patch level 1
L3 programming layer <2023-08-03>
 ***********
Package rerunfilecheck Info: File `Victors_Thesis_Chapters_1_to_3_For_Export.out' has not changed.
(rerunfilecheck)             Checksum: 9133812DA54C22C2045F80A6FBEF3440;8925.
 ) 
Here is how much of TeX's memory you used:
 11202 strings out of 475187
 178601 string characters out of 5767784
 1931248 words of memory out of 5000000
 32234 multiletter control sequences out of 15000+600000
 576075 words of font info for 70 fonts, out of 8000000 for 9000
 1141 hyphenation exceptions out of 8191
 75i,8n,79p,1865b,569s stack positions out of 10000i,1000n,20000p,200000b,200000s
<c:/texlive/2023/texmf-dist/fonts/type1/public/amsfonts/cm/cmr10.pfb><c:/texlive/2023/texmf-dist/fonts/type1/public/cm-super/sfbx1095.pfb><c:/texlive/2023/texmf-dist/fonts/type1/public/cm-super/sfbx1200.pfb><c:/texlive/2023/texmf-dist/fonts/type1/public/cm-super/sfbx1440.pfb><c:/texlive/2023/texmf-dist/fonts/type1/public/cm-super/sfbx2074.pfb><c:/texlive/2023/texmf-dist/fonts/type1/public/cm-super/sfbx2488.pfb><c:/texlive/2023/texmf-dist/fonts/type1/public/cm-super/sfrm0600.pfb><c:/texlive/2023/texmf-dist/fonts/type1/public/cm-super/sfrm0800.pfb><c:/texlive/2023/texmf-dist/fonts/type1/public/cm-super/sfrm0900.pfb><c:/texlive/2023/texmf-dist/fonts/type1/public/cm-super/sfrm1095.pfb><c:/texlive/2023/texmf-dist/fonts/type1/public/cm-super/sfrm1200.pfb><c:/texlive/2023/texmf-dist/fonts/type1/public/cm-super/sfrm1728.pfb><c:/texlive/2023/texmf-dist/fonts/type1/public/cm-super/sfsl1095.pfb><c:/texlive/2023/texmf-dist/fonts/type1/public/cm-super/sfti0900.pfb><c:/texlive/2023/texmf-dist/fonts/type1/public/cm-super/sfti1095.pfb>
Output written on Victors_Thesis_Chapters_1_to_3_For_Export.pdf (46 pages, 4311565 bytes).
PDF statistics:
 733 PDF objects out of 1000 (max. 8388607)
 626 compressed objects within 7 object streams
 135 named destinations out of 1000 (max. 500000)
 466 words of extra memory for PDF output out of 10000 (max. 10000000)

