\BOOKMARK [0][-]{chapter.1}{\376\377\000T\000i\000t\000l\000e}{}% 1
\BOOKMARK [0][-]{chapter.2}{\376\377\000A\000b\000s\000t\000r\000a\000c\000t}{}% 2
\BOOKMARK [0][-]{chapter.3}{\376\377\000T\000a\000b\000l\000e\000\040\000o\000f\000\040\000C\000o\000n\000t\000e\000n\000t\000s}{}% 3
\BOOKMARK [0][-]{chapter.4}{\376\377\000I\000n\000t\000r\000o\000d\000u\000c\000t\000i\000o\000n}{}% 4
\BOOKMARK [1][-]{section.4.1}{\376\377\000T\000i\000m\000b\000e\000r\000\040\000F\000r\000a\000m\000e\000\040\000C\000o\000n\000s\000t\000r\000u\000c\000t\000i\000o\000n}{chapter.4}% 5
\BOOKMARK [2][-]{subsection.4.1.1}{\376\377\000D\000e\000f\000i\000n\000i\000n\000g\000\040\000C\000h\000a\000r\000a\000c\000t\000e\000r\000i\000s\000t\000i\000c\000s}{section.4.1}% 6
\BOOKMARK [2][-]{subsection.4.1.2}{\376\377\000C\000u\000r\000r\000e\000n\000t\000\040\000P\000r\000a\000c\000t\000i\000c\000e\000\040\000o\000f\000\040\000T\000i\000m\000b\000e\000r\000\040\000F\000r\000a\000m\000e\000\040\000C\000o\000n\000s\000t\000r\000u\000c\000t\000i\000o\000n}{section.4.1}% 7
\BOOKMARK [2][-]{subsection.4.1.3}{\376\377\000N\000e\000w\000\040\000O\000p\000p\000o\000r\000t\000u\000n\000i\000t\000i\000e\000s\000\040\000f\000o\000r\000\040\000T\000i\000m\000b\000e\000r\000\040\000F\000r\000a\000m\000e\000\040\000C\000o\000n\000s\000t\000r\000u\000c\000t\000i\000o\000n}{section.4.1}% 8
\BOOKMARK [1][-]{section.4.2}{\376\377\000A\000r\000c\000h\000i\000t\000e\000c\000t\000u\000r\000a\000l\000\040\000D\000e\000s\000i\000g\000n\000\040\000t\000o\000\040\000P\000r\000o\000d\000u\000c\000t\000i\000o\000n}{chapter.4}% 9
\BOOKMARK [2][-]{subsection.4.2.1}{\376\377\000A\000u\000t\000o\000m\000a\000t\000i\000o\000n\000\040\000f\000r\000o\000m\000\040\000M\000a\000n\000u\000f\000a\000c\000t\000u\000r\000i\000n\000g\000\040\000t\000o\000\040\000C\000o\000n\000s\000t\000r\000u\000c\000t\000i\000o\000n}{section.4.2}% 10
\BOOKMARK [2][-]{subsection.4.2.2}{\376\377\000A\000u\000t\000o\000m\000a\000t\000i\000c\000\040\000A\000s\000s\000e\000m\000b\000l\000y\000\040\000i\000n\000\040\000T\000i\000m\000b\000e\000r\000\040\000C\000o\000n\000s\000t\000r\000u\000c\000t\000i\000o\000n}{section.4.2}% 11
\BOOKMARK [2][-]{subsection.4.2.3}{\376\377\000F\000r\000o\000m\000\040\000A\000u\000t\000o\000m\000a\000t\000i\000o\000n\000\040\000t\000o\000\040\000D\000i\000g\000i\000t\000a\000l\000\040\000F\000a\000b\000r\000i\000c\000a\000t\000i\000o\000n}{section.4.2}% 12
\BOOKMARK [2][-]{subsection.4.2.4}{\376\377\000P\000r\000o\000g\000r\000a\000m\000m\000i\000n\000g\000\040\000D\000i\000g\000i\000t\000a\000l\000\040\000F\000a\000b\000r\000i\000c\000a\000t\000i\000o\000n\000\040\000M\000a\000c\000h\000i\000n\000e\000s}{section.4.2}% 13
\BOOKMARK [2][-]{subsection.4.2.5}{\376\377\000F\000a\000b\000r\000i\000c\000a\000t\000i\000o\000n\000-\000a\000w\000a\000r\000e\000\040\000D\000e\000s\000i\000g\000n}{section.4.2}% 14
\BOOKMARK [1][-]{section.4.3}{\376\377\000R\000o\000b\000o\000t\000i\000c\000s\000\040\000i\000n\000\040\000A\000r\000c\000h\000i\000t\000e\000c\000t\000u\000r\000a\000l\000\040\000A\000s\000s\000e\000m\000b\000l\000y}{chapter.4}% 15
\BOOKMARK [2][-]{subsection.4.3.1}{\376\377\000I\000n\000a\000c\000c\000u\000r\000a\000c\000y\000\040\000f\000o\000r\000\040\000n\000o\000n\000-\000r\000e\000p\000e\000t\000i\000t\000i\000v\000e\000\040\000t\000a\000r\000g\000e\000t\000s}{section.4.3}% 16
\BOOKMARK [2][-]{subsection.4.3.2}{\376\377\000A\000u\000t\000o\000m\000a\000t\000i\000o\000n\000\040\000f\000o\000r\000\040\000p\000l\000a\000n\000n\000i\000n\000g\000\040\000n\000o\000n\000-\000r\000e\000p\000e\000t\000i\000t\000i\000v\000e\000\040\000t\000r\000a\000j\000e\000c\000t\000o\000r\000i\000e\000s}{section.4.3}% 17
\BOOKMARK [0][-]{chapter.5}{\376\377\000C\000h\000a\000l\000l\000e\000n\000g\000e\000s\000\040\000a\000n\000d\000\040\000R\000e\000s\000e\000a\000r\000c\000h\000\040\000G\000o\000a\000l\000s}{}% 18
\BOOKMARK [1][-]{section.5.1}{\376\377\000M\000e\000c\000h\000a\000n\000i\000c\000a\000l\000\040\000C\000h\000a\000l\000l\000e\000n\000g\000e\000s}{chapter.5}% 19
\BOOKMARK [2][-]{subsection.5.1.1}{\376\377\000S\000l\000i\000d\000i\000n\000g\000\040\000F\000r\000i\000c\000t\000i\000o\000n}{section.5.1}% 20
\BOOKMARK [2][-]{subsection.5.1.2}{\376\377\000T\000i\000g\000h\000t\000\040\000F\000i\000t\000t\000i\000n\000g\000\040\000J\000o\000i\000n\000t\000s}{section.5.1}% 21
\BOOKMARK [2][-]{subsection.5.1.3}{\376\377\000A\000s\000s\000e\000m\000b\000l\000y\000\040\000F\000o\000r\000c\000e\000\040\000v\000s\000\040\000R\000o\000b\000o\000t\000s}{section.5.1}% 22
\BOOKMARK [2][-]{subsection.5.1.4}{\376\377\000J\000o\000i\000n\000t\000\040\000A\000l\000i\000g\000n\000m\000e\000n\000t}{section.5.1}% 23
\BOOKMARK [2][-]{subsection.5.1.5}{\376\377\000F\000a\000s\000t\000e\000n\000e\000r\000\040\000I\000n\000s\000t\000a\000l\000l\000a\000t\000i\000o\000n}{section.5.1}% 24
\BOOKMARK [1][-]{section.5.2}{\376\377\000C\000o\000m\000p\000u\000t\000a\000t\000i\000o\000n\000a\000l\000\040\000a\000n\000d\000\040\000D\000e\000s\000i\000g\000n\000\040\000C\000h\000a\000l\000l\000e\000n\000g\000e\000s}{chapter.5}% 25
\BOOKMARK [2][-]{subsection.5.2.1}{\376\377\000D\000e\000s\000i\000g\000n\000i\000n\000g\000\040\000w\000i\000t\000h\000\040\000I\000n\000t\000e\000g\000r\000a\000l\000\040\000T\000i\000m\000b\000e\000r\000\040\000J\000o\000i\000n\000t\000s}{section.5.2}% 26
\BOOKMARK [2][-]{subsection.5.2.2}{\376\377\000S\000t\000r\000u\000c\000t\000u\000r\000a\000l\000\040\000A\000n\000a\000l\000y\000s\000i\000s}{section.5.2}% 27
\BOOKMARK [2][-]{subsection.5.2.3}{\376\377\000A\000s\000s\000e\000m\000b\000l\000y\000\040\000A\000n\000a\000l\000y\000s\000i\000s}{section.5.2}% 28
\BOOKMARK [2][-]{subsection.5.2.4}{\376\377\000T\000a\000s\000k\000\040\000a\000n\000d\000\040\000M\000o\000t\000i\000o\000n\000\040\000p\000l\000a\000n\000n\000i\000n\000g}{section.5.2}% 29
\BOOKMARK [2][-]{subsection.5.2.5}{\376\377\000J\000o\000i\000n\000t\000\040\000M\000o\000d\000e\000l\000i\000n\000g\000\040\000a\000n\000d\000\040\000S\000o\000l\000v\000i\000n\000g}{section.5.2}% 30
\BOOKMARK [2][-]{subsection.5.2.6}{\376\377\000U\000s\000e\000r\000\040\000I\000n\000t\000e\000r\000f\000a\000c\000e\000\040\000f\000o\000r\000\040\000F\000a\000b\000r\000i\000c\000a\000t\000i\000o\000n\000\040\000A\000w\000a\000r\000e\000\040\000D\000e\000s\000i\000g\000n}{section.5.2}% 31
\BOOKMARK [1][-]{section.5.3}{\376\377\000R\000e\000s\000e\000a\000r\000c\000h\000\040\000Q\000u\000e\000s\000t\000i\000o\000n\000s}{chapter.5}% 32
\BOOKMARK [0][-]{chapter.6}{\376\377\000M\000e\000t\000h\000o\000d\000o\000l\000o\000g\000y\000\040\000a\000n\000d\000\040\000A\000s\000s\000u\000m\000p\000t\000i\000o\000n\000s}{}% 33
\BOOKMARK [1][-]{section.6.1}{\376\377\000R\000e\000s\000e\000a\000r\000c\000h\000\040\000b\000y\000\040\000I\000t\000e\000r\000a\000t\000i\000v\000e\000\040\000D\000e\000v\000e\000l\000o\000p\000m\000e\000n\000t}{chapter.6}% 34
\BOOKMARK [2][-]{subsection.6.1.1}{\376\377\000S\000e\000t\000t\000i\000n\000g\000\040\000R\000e\000s\000e\000a\000r\000c\000h\000\040\000G\000o\000a\000l\000s}{section.6.1}% 35
\BOOKMARK [2][-]{subsection.6.1.2}{\376\377\000T\000e\000c\000h\000n\000o\000l\000o\000g\000y\000\040\000D\000e\000v\000e\000l\000o\000p\000m\000e\000n\000t}{section.6.1}% 36
\BOOKMARK [2][-]{subsection.6.1.3}{\376\377\000D\000e\000m\000o\000n\000s\000t\000r\000a\000t\000o\000r\000\040\000D\000e\000s\000i\000g\000n}{section.6.1}% 37
\BOOKMARK [2][-]{subsection.6.1.4}{\376\377\000O\000b\000s\000e\000r\000v\000a\000t\000i\000o\000n\000s\000\040\000a\000n\000d\000\040\000I\000n\000t\000e\000r\000p\000r\000e\000t\000a\000t\000i\000o\000n}{section.6.1}% 38
\BOOKMARK [1][-]{section.6.2}{\376\377\000E\000p\000i\000s\000t\000e\000m\000o\000l\000o\000g\000i\000c\000a\000l\000\040\000a\000s\000s\000u\000m\000p\000t\000i\000o\000n\000s}{chapter.6}% 39
\BOOKMARK [1][-]{section.6.3}{\376\377\000A\000x\000i\000o\000l\000o\000g\000i\000c\000a\000l\000\040\000a\000s\000s\000u\000m\000p\000t\000i\000o\000n\000s}{chapter.6}% 40
\BOOKMARK [2][-]{subsection.6.3.1}{\376\377\000R\000e\000s\000e\000a\000r\000c\000h\000e\000r\000\040\000B\000a\000c\000k\000g\000r\000o\000u\000n\000d}{section.6.3}% 41
\BOOKMARK [2][-]{subsection.6.3.2}{\376\377\000L\000a\000b\000o\000r\000a\000t\000o\000r\000y\000\040\000C\000o\000n\000t\000e\000x\000t}{section.6.3}% 42
\BOOKMARK [2][-]{subsection.6.3.3}{\376\377\000P\000a\000r\000t\000i\000c\000i\000p\000a\000n\000t\000s\000\040\000i\000n\000\040\000U\000s\000e\000r\000\040\000I\000n\000t\000e\000r\000f\000a\000c\000e\000\040\000S\000t\000u\000d\000y}{section.6.3}% 43
\BOOKMARK [1][-]{section.6.4}{\376\377\000C\000o\000l\000l\000a\000b\000o\000r\000a\000t\000i\000o\000n\000s}{chapter.6}% 44
\BOOKMARK [1][-]{section.6.5}{\376\377\000T\000h\000e\000m\000a\000t\000i\000c\000\040\000R\000e\000a\000d\000i\000n\000g\000\040\000G\000u\000i\000d\000e}{chapter.6}% 45
